  [1m[35mSQL (0.1ms)[0m  [1m[35mSET search_path TO public /*application='Bookinghub'*/[0m
  [1m[35m (286.3ms)[0m  [1m[35mCREATE DATABASE "bookinghub_development" ENCODING = 'unicode' /*application='Bookinghub'*/[0m
  [1m[35mSQL (0.1ms)[0m  [1m[35mSET search_path TO public /*application='Bookinghub'*/[0m
  [1m[35m (280.0ms)[0m  [1m[35mCREATE DATABASE "bookinghub_test" ENCODING = 'unicode' /*application='Bookinghub'*/[0m
  [1m[35m (7.6ms)[0m  [1m[35mCREATE TABLE "schema_migrations" ("version" character varying NOT NULL PRIMARY KEY) /*application='Bookinghub'*/[0m
  [1m[35m (2.1ms)[0m  [1m[35mCREATE TABLE "ar_internal_metadata" ("key" character varying NOT NULL PRIMARY KEY, "value" character varying, "created_at" timestamp(6) NOT NULL, "updated_at" timestamp(6) NOT NULL) /*application='Bookinghub'*/[0m
  [1m[35m (0.2ms)[0m  [1m[34mSELECT pg_try_advisory_lock(8567602364794133010) /*application='Bookinghub'*/[0m
  [1m[36mActiveRecord::SchemaMigration Load (0.9ms)[0m  [1m[34mSELECT "schema_migrations"."version" FROM "schema_migrations" ORDER BY "schema_migrations"."version" ASC /*application='Bookinghub'*/[0m
  [1m[36mActiveRecord::InternalMetadata Load (0.8ms)[0m  [1m[34mSELECT * FROM "ar_internal_metadata" WHERE "ar_internal_metadata"."key" = 'environment' ORDER BY "ar_internal_metadata"."key" ASC LIMIT 1 /*application='Bookinghub'*/[0m
  [1m[36mActiveRecord::InternalMetadata Create (0.6ms)[0m  [1m[32mINSERT INTO "ar_internal_metadata" ("key", "value", "created_at", "updated_at") VALUES ('environment', 'development', '2025-11-12 16:54:14.479724', '2025-11-12 16:54:14.479727') RETURNING "key" /*application='Bookinghub'*/[0m
  [1m[35m (0.2ms)[0m  [1m[34mSELECT pg_advisory_unlock(8567602364794133010) /*application='Bookinghub'*/[0m
  [1m[36mActiveRecord::SchemaMigration Load (0.1ms)[0m  [1m[34mSELECT "schema_migrations"."version" FROM "schema_migrations" ORDER BY "schema_migrations"."version" ASC /*application='Bookinghub'*/[0m
  [1m[35mSQL (0.0ms)[0m  [1m[35mSET search_path TO public /*application='Bookinghub'*/[0m
  [1m[35mSQL (0.1ms)[0m  [1m[35mSET search_path TO "$user", public /*application='Bookinghub'*/[0m
  [1m[35mSQL (0.1ms)[0m  [1m[35mSET search_path TO public /*application='Bookinghub'*/[0m
  [1m[35mSQL (0.1ms)[0m  [1m[35mSET search_path TO "$user", public /*application='Bookinghub'*/[0m
Started GET "/" for 127.0.0.1 at 2025-11-12 21:08:49 +0000
  [1m[36mActiveRecord::SchemaMigration Load (1.1ms)[0m  [1m[34mSELECT "schema_migrations"."version" FROM "schema_migrations" ORDER BY "schema_migrations"."version" ASC /*application='Bookinghub'*/[0m
Processing by Rails::WelcomeController#index as HTML
  Rendering vendor/bundle/ruby/3.4.0/gems/railties-8.1.1/lib/rails/templates/rails/welcome/index.html.erb
  Rendered vendor/bundle/ruby/3.4.0/gems/railties-8.1.1/lib/rails/templates/rails/welcome/index.html.erb (Duration: 0.5ms | GC: 0.0ms)
Completed 200 OK in 75ms (Views: 16.7ms | ActiveRecord: 0.0ms (0 queries, 0 cached) | GC: 0.0ms)


  [1m[35m (0.1ms)[0m  [1m[34mSELECT pg_try_advisory_lock(8567602364794133010) /*application='Bookinghub'*/[0m
  [1m[36mActiveRecord::SchemaMigration Load (0.6ms)[0m  [1m[34mSELECT "schema_migrations"."version" FROM "schema_migrations" ORDER BY "schema_migrations"."version" ASC /*application='Bookinghub'*/[0m
  [1m[36mActiveRecord::InternalMetadata Load (0.9ms)[0m  [1m[34mSELECT * FROM "ar_internal_metadata" WHERE "ar_internal_metadata"."key" = 'environment' ORDER BY "ar_internal_metadata"."key" ASC LIMIT 1 /*application='Bookinghub'*/[0m
Migrating to DeviseCreateUsers (20251112232240)
  [1m[36mTRANSACTION (0.1ms)[0m  [1m[35mBEGIN /*application='Bookinghub'*/[0m
  [1m[35m (8.1ms)[0m  [1m[35mCREATE TABLE "users" ("id" bigserial primary key, "email" character varying DEFAULT '' NOT NULL, "encrypted_password" character varying DEFAULT '' NOT NULL, "reset_password_token" character varying, "reset_password_sent_at" timestamp(6), "remember_created_at" timestamp(6), "created_at" timestamp(6) NOT NULL, "updated_at" timestamp(6) NOT NULL) /*application='Bookinghub'*/[0m
  [1m[35m (0.6ms)[0m  [1m[35mCREATE UNIQUE INDEX "index_users_on_email" ON "users" ("email") /*application='Bookinghub'*/[0m
  [1m[35m (1.4ms)[0m  [1m[35mCREATE UNIQUE INDEX "index_users_on_reset_password_token" ON "users" ("reset_password_token") /*application='Bookinghub'*/[0m
  [1m[36mActiveRecord::SchemaMigration Create (0.3ms)[0m  [1m[32mINSERT INTO "schema_migrations" ("version") VALUES ('20251112232240') RETURNING "version" /*application='Bookinghub'*/[0m
  [1m[36mTRANSACTION (0.5ms)[0m  [1m[35mCOMMIT /*application='Bookinghub'*/[0m
  [1m[35m (0.2ms)[0m  [1m[34mSELECT pg_advisory_unlock(8567602364794133010) /*application='Bookinghub'*/[0m
  [1m[36mActiveRecord::SchemaMigration Load (0.2ms)[0m  [1m[34mSELECT "schema_migrations"."version" FROM "schema_migrations" ORDER BY "schema_migrations"."version" ASC /*application='Bookinghub'*/[0m
  [1m[35mSQL (0.0ms)[0m  [1m[35mSET search_path TO public /*application='Bookinghub'*/[0m
  [1m[35mSQL (0.1ms)[0m  [1m[35mSET search_path TO "$user", public /*application='Bookinghub'*/[0m
  [1m[35mSQL (0.1ms)[0m  [1m[35mSET search_path TO public /*application='Bookinghub'*/[0m
  [1m[35mSQL (0.1ms)[0m  [1m[35mSET search_path TO "$user", public /*application='Bookinghub'*/[0m
  [1m[35m (0.1ms)[0m  [1m[34mSELECT pg_try_advisory_lock(8567602364794133010) /*application='Bookinghub'*/[0m
  [1m[36mActiveRecord::SchemaMigration Load (1.0ms)[0m  [1m[34mSELECT "schema_migrations"."version" FROM "schema_migrations" ORDER BY "schema_migrations"."version" ASC /*application='Bookinghub'*/[0m
  [1m[36mActiveRecord::InternalMetadata Load (1.0ms)[0m  [1m[34mSELECT * FROM "ar_internal_metadata" WHERE "ar_internal_metadata"."key" = 'environment' ORDER BY "ar_internal_metadata"."key" ASC LIMIT 1 /*application='Bookinghub'*/[0m
Migrating to CreateRooms (20251112232325)
  [1m[36mTRANSACTION (0.1ms)[0m  [1m[35mBEGIN /*application='Bookinghub'*/[0m
  [1m[35m (6.1ms)[0m  [1m[35mCREATE TABLE "rooms" ("id" bigserial primary key, "name" character varying, "capacity" integer, "created_at" timestamp(6) NOT NULL, "updated_at" timestamp(6) NOT NULL) /*application='Bookinghub'*/[0m
  [1m[36mActiveRecord::SchemaMigration Create (0.2ms)[0m  [1m[32mINSERT INTO "schema_migrations" ("version") VALUES ('20251112232325') RETURNING "version" /*application='Bookinghub'*/[0m
  [1m[36mTRANSACTION (0.6ms)[0m  [1m[35mCOMMIT /*application='Bookinghub'*/[0m
Migrating to CreateBookings (20251112232413)
  [1m[36mTRANSACTION (0.3ms)[0m  [1m[35mBEGIN /*application='Bookinghub'*/[0m
  [1m[35m (6.5ms)[0m  [1m[35mCREATE TABLE "bookings" ("id" bigserial primary key, "starts_at" timestamp(6), "ends_at" timestamp(6), "note" character varying, "room_id" bigint NOT NULL, "user_id" bigint NOT NULL, "created_at" timestamp(6) NOT NULL, "updated_at" timestamp(6) NOT NULL, CONSTRAINT "fk_rails_4fe21eabc6"
FOREIGN KEY ("room_id")
  REFERENCES "rooms" ("id")
, CONSTRAINT "fk_rails_ef0571f117"
FOREIGN KEY ("user_id")
  REFERENCES "users" ("id")
) /*application='Bookinghub'*/[0m
  [1m[35m (1.3ms)[0m  [1m[35mCREATE INDEX "index_bookings_on_room_id" ON "bookings" ("room_id") /*application='Bookinghub'*/[0m
  [1m[35m (0.6ms)[0m  [1m[35mCREATE INDEX "index_bookings_on_user_id" ON "bookings" ("user_id") /*application='Bookinghub'*/[0m
  [1m[36mActiveRecord::SchemaMigration Create (0.2ms)[0m  [1m[32mINSERT INTO "schema_migrations" ("version") VALUES ('20251112232413') RETURNING "version" /*application='Bookinghub'*/[0m
  [1m[36mTRANSACTION (0.3ms)[0m  [1m[35mCOMMIT /*application='Bookinghub'*/[0m
  [1m[35m (0.3ms)[0m  [1m[34mSELECT pg_advisory_unlock(8567602364794133010) /*application='Bookinghub'*/[0m
  [1m[36mActiveRecord::SchemaMigration Load (0.1ms)[0m  [1m[34mSELECT "schema_migrations"."version" FROM "schema_migrations" ORDER BY "schema_migrations"."version" ASC /*application='Bookinghub'*/[0m
  [1m[35mSQL (0.1ms)[0m  [1m[35mSET search_path TO public /*application='Bookinghub'*/[0m
  [1m[35mSQL (0.1ms)[0m  [1m[35mSET search_path TO "$user", public /*application='Bookinghub'*/[0m
  [1m[35mSQL (0.1ms)[0m  [1m[35mSET search_path TO public /*application='Bookinghub'*/[0m
  [1m[35mSQL (0.1ms)[0m  [1m[35mSET search_path TO "$user", public /*application='Bookinghub'*/[0m
Started GET "/" for 127.0.0.1 at 2025-11-13 00:34:08 +0000
  [1m[36mActiveRecord::SchemaMigration Load (1.1ms)[0m  [1m[34mSELECT "schema_migrations"."version" FROM "schema_migrations" ORDER BY "schema_migrations"."version" ASC /*application='Bookinghub'*/[0m
  
NoMethodError (undefined method 'before_action' for class ApplicationRecord):
  
app/models/application_record.rb:2:in '<class:ApplicationRecord>'
app/models/application_record.rb:1:in '<main>'
app/models/user.rb:1:in '<main>'
config/routes.rb:4:in 'block in <main>'
config/routes.rb:1:in '<main>'
Started GET "/favicon.ico" for 127.0.0.1 at 2025-11-13 00:34:09 +0000
  
ActionController::RoutingError (No route matches [GET] "/favicon.ico"):
  
Started GET "/" for 127.0.0.1 at 2025-11-13 00:36:41 +0000
DEPRECATION WARNING: resource received a hash argument only. Please use a keyword instead. Support to hash argument will be removed in Rails 8.2. (called from block in <main> at D:/NCI/NCI4/cloud/CA/bookinghub/config/routes.rb:4)
DEPRECATION WARNING: resource received a hash argument path. Please use a keyword instead. Support to hash argument will be removed in Rails 8.2. (called from block in <main> at D:/NCI/NCI4/cloud/CA/bookinghub/config/routes.rb:4)
DEPRECATION WARNING: resource received a hash argument path_names. Please use a keyword instead. Support to hash argument will be removed in Rails 8.2. (called from block in <main> at D:/NCI/NCI4/cloud/CA/bookinghub/config/routes.rb:4)
DEPRECATION WARNING: resource received a hash argument controller. Please use a keyword instead. Support to hash argument will be removed in Rails 8.2. (called from block in <main> at D:/NCI/NCI4/cloud/CA/bookinghub/config/routes.rb:4)
Processing by Rails::WelcomeController#index as HTML
  Rendering vendor/bundle/ruby/3.4.0/gems/railties-8.1.1/lib/rails/templates/rails/welcome/index.html.erb
  Rendered vendor/bundle/ruby/3.4.0/gems/railties-8.1.1/lib/rails/templates/rails/welcome/index.html.erb (Duration: 0.7ms | GC: 0.0ms)
Completed 200 OK in 10ms (Views: 1.6ms | ActiveRecord: 0.0ms (0 queries, 0 cached) | GC: 0.0ms)


Started GET "/" for 127.0.0.1 at 2025-11-13 00:37:38 +0000
DEPRECATION WARNING: resource received a hash argument only. Please use a keyword instead. Support to hash argument will be removed in Rails 8.2. (called from block in <main> at D:/NCI/NCI4/cloud/CA/bookinghub/config/routes.rb:4)
DEPRECATION WARNING: resource received a hash argument path. Please use a keyword instead. Support to hash argument will be removed in Rails 8.2. (called from block in <main> at D:/NCI/NCI4/cloud/CA/bookinghub/config/routes.rb:4)
DEPRECATION WARNING: resource received a hash argument path_names. Please use a keyword instead. Support to hash argument will be removed in Rails 8.2. (called from block in <main> at D:/NCI/NCI4/cloud/CA/bookinghub/config/routes.rb:4)
DEPRECATION WARNING: resource received a hash argument controller. Please use a keyword instead. Support to hash argument will be removed in Rails 8.2. (called from block in <main> at D:/NCI/NCI4/cloud/CA/bookinghub/config/routes.rb:4)
Processing by Rails::WelcomeController#index as HTML
  Rendering vendor/bundle/ruby/3.4.0/gems/railties-8.1.1/lib/rails/templates/rails/welcome/index.html.erb
  Rendered vendor/bundle/ruby/3.4.0/gems/railties-8.1.1/lib/rails/templates/rails/welcome/index.html.erb (Duration: 0.6ms | GC: 0.0ms)
Completed 200 OK in 4ms (Views: 1.4ms | ActiveRecord: 0.0ms (0 queries, 0 cached) | GC: 0.0ms)


Started GET "/" for 127.0.0.1 at 2025-11-13 00:38:07 +0000
  [1m[36mActiveRecord::SchemaMigration Load (0.8ms)[0m  [1m[34mSELECT "schema_migrations"."version" FROM "schema_migrations" ORDER BY "schema_migrations"."version" ASC /*application='Bookinghub'*/[0m
DEPRECATION WARNING: resource received a hash argument only. Please use a keyword instead. Support to hash argument will be removed in Rails 8.2. (called from block in <main> at D:/NCI/NCI4/cloud/CA/bookinghub/config/routes.rb:4)
DEPRECATION WARNING: resource received a hash argument path. Please use a keyword instead. Support to hash argument will be removed in Rails 8.2. (called from block in <main> at D:/NCI/NCI4/cloud/CA/bookinghub/config/routes.rb:4)
DEPRECATION WARNING: resource received a hash argument path_names. Please use a keyword instead. Support to hash argument will be removed in Rails 8.2. (called from block in <main> at D:/NCI/NCI4/cloud/CA/bookinghub/config/routes.rb:4)
DEPRECATION WARNING: resource received a hash argument controller. Please use a keyword instead. Support to hash argument will be removed in Rails 8.2. (called from block in <main> at D:/NCI/NCI4/cloud/CA/bookinghub/config/routes.rb:4)
Processing by Rails::WelcomeController#index as HTML
  Rendering vendor/bundle/ruby/3.4.0/gems/railties-8.1.1/lib/rails/templates/rails/welcome/index.html.erb
  Rendered vendor/bundle/ruby/3.4.0/gems/railties-8.1.1/lib/rails/templates/rails/welcome/index.html.erb (Duration: 1.3ms | GC: 0.0ms)
Completed 200 OK in 41ms (Views: 8.3ms | ActiveRecord: 0.0ms (0 queries, 0 cached) | GC: 0.2ms)


Started GET "/" for 127.0.0.1 at 2025-11-13 01:43:26 +0000
  [1m[36mActiveRecord::SchemaMigration Load (1.0ms)[0m  [1m[34mSELECT "schema_migrations"."version" FROM "schema_migrations" ORDER BY "schema_migrations"."version" ASC /*application='Bookinghub'*/[0m
DEPRECATION WARNING: resource received a hash argument only. Please use a keyword instead. Support to hash argument will be removed in Rails 8.2. (called from block in <main> at D:/NCI/NCI4/cloud/CA/bookinghub/config/routes.rb:4)
DEPRECATION WARNING: resource received a hash argument path. Please use a keyword instead. Support to hash argument will be removed in Rails 8.2. (called from block in <main> at D:/NCI/NCI4/cloud/CA/bookinghub/config/routes.rb:4)
DEPRECATION WARNING: resource received a hash argument path_names. Please use a keyword instead. Support to hash argument will be removed in Rails 8.2. (called from block in <main> at D:/NCI/NCI4/cloud/CA/bookinghub/config/routes.rb:4)
DEPRECATION WARNING: resource received a hash argument controller. Please use a keyword instead. Support to hash argument will be removed in Rails 8.2. (called from block in <main> at D:/NCI/NCI4/cloud/CA/bookinghub/config/routes.rb:4)
Processing by RoomsController#index as HTML
Completed 401 Unauthorized in 77ms (ActiveRecord: 0.0ms (0 queries, 0 cached) | GC: 0.0ms)


Started GET "/users/sign_in" for 127.0.0.1 at 2025-11-13 01:43:28 +0000
Processing by Devise::SessionsController#new as HTML
  Rendering layout layouts/application.html.erb
  Rendering vendor/bundle/ruby/3.4.0/gems/devise-4.9.4/app/views/devise/sessions/new.html.erb within layouts/application
  Rendered vendor/bundle/ruby/3.4.0/gems/devise-4.9.4/app/views/devise/shared/_links.html.erb (Duration: 0.8ms | GC: 0.0ms)
  Rendered vendor/bundle/ruby/3.4.0/gems/devise-4.9.4/app/views/devise/sessions/new.html.erb within layouts/application (Duration: 102.0ms | GC: 0.0ms)
  Rendered layout layouts/application.html.erb (Duration: 128.1ms | GC: 0.0ms)
Completed 500 Internal Server Error in 528ms (ActiveRecord: 15.7ms (0 queries, 0 cached) | GC: 0.0ms)


  
ActionView::Template::Error (Missing partial shared/_navbar with {locale: [:en], formats: [:html], variants: [], handlers: [:raw, :erb, :html, :builder, :ruby, :jbuilder]}.

Searched in:
  * "D:/NCI/NCI4/cloud/CA/bookinghub/app/views"
  * "D:/NCI/NCI4/cloud/CA/bookinghub/vendor/bundle/ruby/3.4.0/gems/kaminari-core-1.2.2/app/views"
  * "D:/NCI/NCI4/cloud/CA/bookinghub/vendor/bundle/ruby/3.4.0/gems/devise-4.9.4/app/views"
  * "D:/NCI/NCI4/cloud/CA/bookinghub/vendor/bundle/ruby/3.4.0/gems/actiontext-8.1.1/app/views"
  * "D:/NCI/NCI4/cloud/CA/bookinghub/vendor/bundle/ruby/3.4.0/gems/actionmailbox-8.1.1/app/views"
)
Caused by: ActionView::MissingTemplate (Missing partial shared/_navbar with {locale: [:en], formats: [:html], variants: [], handlers: [:raw, :erb, :html, :builder, :ruby, :jbuilder]}.

Searched in:
  * "D:/NCI/NCI4/cloud/CA/bookinghub/app/views"
  * "D:/NCI/NCI4/cloud/CA/bookinghub/vendor/bundle/ruby/3.4.0/gems/kaminari-core-1.2.2/app/views"
  * "D:/NCI/NCI4/cloud/CA/bookinghub/vendor/bundle/ruby/3.4.0/gems/devise-4.9.4/app/views"
  * "D:/NCI/NCI4/cloud/CA/bookinghub/vendor/bundle/ruby/3.4.0/gems/actiontext-8.1.1/app/views"
  * "D:/NCI/NCI4/cloud/CA/bookinghub/vendor/bundle/ruby/3.4.0/gems/actionmailbox-8.1.1/app/views"
)

Information for: ActionView::Template::Error (Missing partial shared/_navbar with {locale: [:en], formats: [:html], variants: [], handlers: [:raw, :erb, :html, :builder, :ruby, :jbuilder]}.

Searched in:
  * "D:/NCI/NCI4/cloud/CA/bookinghub/app/views"
  * "D:/NCI/NCI4/cloud/CA/bookinghub/vendor/bundle/ruby/3.4.0/gems/kaminari-core-1.2.2/app/views"
  * "D:/NCI/NCI4/cloud/CA/bookinghub/vendor/bundle/ruby/3.4.0/gems/devise-4.9.4/app/views"
  * "D:/NCI/NCI4/cloud/CA/bookinghub/vendor/bundle/ruby/3.4.0/gems/actiontext-8.1.1/app/views"
  * "D:/NCI/NCI4/cloud/CA/bookinghub/vendor/bundle/ruby/3.4.0/gems/actionmailbox-8.1.1/app/views"
):
    32: 
    33:   <body>
    34:     <%= render "shared/navbar" %>   <!-- добавили навбар -->
    35:     
    36:     <div class="container mt-4">
    37:       <%= yield %>
    38:     </div>
  
app/views/layouts/application.html.erb:35

Information for cause: ActionView::MissingTemplate (Missing partial shared/_navbar with {locale: [:en], formats: [:html], variants: [], handlers: [:raw, :erb, :html, :builder, :ruby, :jbuilder]}.

Searched in:
  * "D:/NCI/NCI4/cloud/CA/bookinghub/app/views"
  * "D:/NCI/NCI4/cloud/CA/bookinghub/vendor/bundle/ruby/3.4.0/gems/kaminari-core-1.2.2/app/views"
  * "D:/NCI/NCI4/cloud/CA/bookinghub/vendor/bundle/ruby/3.4.0/gems/devise-4.9.4/app/views"
  * "D:/NCI/NCI4/cloud/CA/bookinghub/vendor/bundle/ruby/3.4.0/gems/actiontext-8.1.1/app/views"
  * "D:/NCI/NCI4/cloud/CA/bookinghub/vendor/bundle/ruby/3.4.0/gems/actionmailbox-8.1.1/app/views"
):
  
app/views/layouts/application.html.erb:35
Started GET "/" for 127.0.0.1 at 2025-11-13 02:09:45 +0000
  [1m[36mActiveRecord::SchemaMigration Load (1.0ms)[0m  [1m[34mSELECT "schema_migrations"."version" FROM "schema_migrations" ORDER BY "schema_migrations"."version" ASC /*application='Bookinghub'*/[0m
DEPRECATION WARNING: resource received a hash argument only. Please use a keyword instead. Support to hash argument will be removed in Rails 8.2. (called from block in <main> at D:/NCI/NCI4/cloud/CA/bookinghub/config/routes.rb:4)
DEPRECATION WARNING: resource received a hash argument path. Please use a keyword instead. Support to hash argument will be removed in Rails 8.2. (called from block in <main> at D:/NCI/NCI4/cloud/CA/bookinghub/config/routes.rb:4)
DEPRECATION WARNING: resource received a hash argument path_names. Please use a keyword instead. Support to hash argument will be removed in Rails 8.2. (called from block in <main> at D:/NCI/NCI4/cloud/CA/bookinghub/config/routes.rb:4)
DEPRECATION WARNING: resource received a hash argument controller. Please use a keyword instead. Support to hash argument will be removed in Rails 8.2. (called from block in <main> at D:/NCI/NCI4/cloud/CA/bookinghub/config/routes.rb:4)
Processing by RoomsController#index as HTML
Completed 401 Unauthorized in 32ms (ActiveRecord: 0.0ms (0 queries, 0 cached) | GC: 0.0ms)


Started GET "/users/sign_in" for 127.0.0.1 at 2025-11-13 02:09:45 +0000
Processing by Devise::SessionsController#new as HTML
  Rendering layout layouts/application.html.erb
  Rendering vendor/bundle/ruby/3.4.0/gems/devise-4.9.4/app/views/devise/sessions/new.html.erb within layouts/application
  Rendered vendor/bundle/ruby/3.4.0/gems/devise-4.9.4/app/views/devise/shared/_links.html.erb (Duration: 0.7ms | GC: 0.0ms)
  Rendered vendor/bundle/ruby/3.4.0/gems/devise-4.9.4/app/views/devise/sessions/new.html.erb within layouts/application (Duration: 17.0ms | GC: 0.0ms)
  Rendered shared/_navbar.html.erb (Duration: 0.8ms | GC: 0.0ms)
  Rendered layout layouts/application.html.erb (Duration: 51.8ms | GC: 0.0ms)
Completed 200 OK in 189ms (Views: 76.3ms | ActiveRecord: 12.7ms (0 queries, 0 cached) | GC: 0.0ms)


Started GET "/rooms" for 127.0.0.1 at 2025-11-13 02:10:05 +0000
Processing by RoomsController#index as HTML
Completed 401 Unauthorized in 2ms (ActiveRecord: 0.0ms (0 queries, 0 cached) | GC: 0.0ms)


Started GET "/users/sign_in" for 127.0.0.1 at 2025-11-13 02:10:05 +0000
Processing by Devise::SessionsController#new as HTML
  Rendering layout layouts/application.html.erb
  Rendering vendor/bundle/ruby/3.4.0/gems/devise-4.9.4/app/views/devise/sessions/new.html.erb within layouts/application
  Rendered vendor/bundle/ruby/3.4.0/gems/devise-4.9.4/app/views/devise/shared/_links.html.erb (Duration: 0.3ms | GC: 0.0ms)
  Rendered vendor/bundle/ruby/3.4.0/gems/devise-4.9.4/app/views/devise/sessions/new.html.erb within layouts/application (Duration: 1.5ms | GC: 0.0ms)
  Rendered shared/_navbar.html.erb (Duration: 0.1ms | GC: 0.0ms)
  Rendered layout layouts/application.html.erb (Duration: 3.2ms | GC: 0.0ms)
Completed 200 OK in 7ms (Views: 4.1ms | ActiveRecord: 0.0ms (0 queries, 0 cached) | GC: 0.0ms)


Started GET "/bookings" for 127.0.0.1 at 2025-11-13 02:10:07 +0000
Processing by BookingsController#index as HTML
Completed 401 Unauthorized in 2ms (ActiveRecord: 0.0ms (0 queries, 0 cached) | GC: 0.0ms)


Started GET "/users/sign_in" for 127.0.0.1 at 2025-11-13 02:10:07 +0000
Processing by Devise::SessionsController#new as HTML
  Rendering layout layouts/application.html.erb
  Rendering vendor/bundle/ruby/3.4.0/gems/devise-4.9.4/app/views/devise/sessions/new.html.erb within layouts/application
  Rendered vendor/bundle/ruby/3.4.0/gems/devise-4.9.4/app/views/devise/shared/_links.html.erb (Duration: 0.1ms | GC: 0.0ms)
  Rendered vendor/bundle/ruby/3.4.0/gems/devise-4.9.4/app/views/devise/sessions/new.html.erb within layouts/application (Duration: 1.5ms | GC: 0.0ms)
  Rendered shared/_navbar.html.erb (Duration: 0.1ms | GC: 0.0ms)
  Rendered layout layouts/application.html.erb (Duration: 2.6ms | GC: 0.0ms)
Completed 200 OK in 6ms (Views: 3.1ms | ActiveRecord: 0.0ms (0 queries, 0 cached) | GC: 0.0ms)


Started GET "/users/sign_up" for 127.0.0.1 at 2025-11-13 02:10:07 +0000
Processing by Devise::RegistrationsController#new as HTML
  Rendering layout layouts/application.html.erb
  Rendering vendor/bundle/ruby/3.4.0/gems/devise-4.9.4/app/views/devise/registrations/new.html.erb within layouts/application
  Rendered vendor/bundle/ruby/3.4.0/gems/devise-4.9.4/app/views/devise/shared/_error_messages.html.erb (Duration: 0.6ms | GC: 0.0ms)
  Rendered vendor/bundle/ruby/3.4.0/gems/devise-4.9.4/app/views/devise/shared/_links.html.erb (Duration: 0.1ms | GC: 0.0ms)
  Rendered vendor/bundle/ruby/3.4.0/gems/devise-4.9.4/app/views/devise/registrations/new.html.erb within layouts/application (Duration: 14.1ms | GC: 0.0ms)
  Rendered shared/_navbar.html.erb (Duration: 0.2ms | GC: 0.0ms)
  Rendered layout layouts/application.html.erb (Duration: 15.0ms | GC: 0.0ms)
Completed 200 OK in 41ms (Views: 38.8ms | ActiveRecord: 0.0ms (0 queries, 0 cached) | GC: 0.0ms)


Started GET "/users/sign_in" for 127.0.0.1 at 2025-11-13 02:10:08 +0000
Processing by Devise::SessionsController#new as HTML
  Rendering layout layouts/application.html.erb
  Rendering vendor/bundle/ruby/3.4.0/gems/devise-4.9.4/app/views/devise/sessions/new.html.erb within layouts/application
  Rendered vendor/bundle/ruby/3.4.0/gems/devise-4.9.4/app/views/devise/shared/_links.html.erb (Duration: 0.1ms | GC: 0.0ms)
  Rendered vendor/bundle/ruby/3.4.0/gems/devise-4.9.4/app/views/devise/sessions/new.html.erb within layouts/application (Duration: 1.0ms | GC: 0.0ms)
  Rendered shared/_navbar.html.erb (Duration: 0.1ms | GC: 0.0ms)
  Rendered layout layouts/application.html.erb (Duration: 1.9ms | GC: 0.0ms)
Completed 200 OK in 4ms (Views: 2.4ms | ActiveRecord: 0.0ms (0 queries, 0 cached) | GC: 0.0ms)


Started GET "/users/sign_up" for 127.0.0.1 at 2025-11-13 10:20:04 +0000
Processing by Devise::RegistrationsController#new as HTML
  Rendering layout layouts/application.html.erb
  Rendering vendor/bundle/ruby/3.4.0/gems/devise-4.9.4/app/views/devise/registrations/new.html.erb within layouts/application
  Rendered vendor/bundle/ruby/3.4.0/gems/devise-4.9.4/app/views/devise/shared/_error_messages.html.erb (Duration: 0.2ms | GC: 0.0ms)
  Rendered vendor/bundle/ruby/3.4.0/gems/devise-4.9.4/app/views/devise/shared/_links.html.erb (Duration: 0.2ms | GC: 0.0ms)
  Rendered vendor/bundle/ruby/3.4.0/gems/devise-4.9.4/app/views/devise/registrations/new.html.erb within layouts/application (Duration: 6.8ms | GC: 0.0ms)
  Rendered shared/_navbar.html.erb (Duration: 0.5ms | GC: 0.0ms)
  Rendered layout layouts/application.html.erb (Duration: 9.1ms | GC: 0.0ms)
Completed 200 OK in 20ms (Views: 11.7ms | ActiveRecord: 0.0ms (0 queries, 0 cached) | GC: 0.0ms)


Started POST "/users" for 127.0.0.1 at 2025-11-13 10:20:27 +0000
Processing by Devise::RegistrationsController#create as HTML
  Parameters: {"authenticity_token" => "[FILTERED]", "user" => {"email" => "[FILTERED]", "password" => "[FILTERED]", "password_confirmation" => "[FILTERED]"}, "commit" => "Sign up"}
  [1m[36mTRANSACTION (0.1ms)[0m  [1m[35mBEGIN /*action='create',application='Bookinghub',controller='registrations'*/[0m
  [1m[36mUser Exists? (7.1ms)[0m  [1m[34mSELECT 1 AS one FROM "users" WHERE "users"."email" = 'zadorozhniy12822@gmail.com' LIMIT 1 /*action='create',application='Bookinghub',controller='registrations'*/[0m
  [1m[36mTRANSACTION (0.9ms)[0m  [1m[31mROLLBACK /*action='create',application='Bookinghub',controller='registrations'*/[0m
  Rendering layout layouts/application.html.erb
  Rendering vendor/bundle/ruby/3.4.0/gems/devise-4.9.4/app/views/devise/registrations/new.html.erb within layouts/application
  Rendered vendor/bundle/ruby/3.4.0/gems/devise-4.9.4/app/views/devise/shared/_error_messages.html.erb (Duration: 0.7ms | GC: 0.0ms)
  Rendered vendor/bundle/ruby/3.4.0/gems/devise-4.9.4/app/views/devise/shared/_links.html.erb (Duration: 0.1ms | GC: 0.0ms)
  Rendered vendor/bundle/ruby/3.4.0/gems/devise-4.9.4/app/views/devise/registrations/new.html.erb within layouts/application (Duration: 2.4ms | GC: 0.0ms)
  Rendered shared/_navbar.html.erb (Duration: 0.1ms | GC: 0.0ms)
  Rendered layout layouts/application.html.erb (Duration: 3.5ms | GC: 0.0ms)
Completed 422 Unprocessable Content in 527ms (Views: 4.0ms | ActiveRecord: 24.1ms (1 query, 0 cached) | GC: 0.0ms)


Started POST "/users" for 127.0.0.1 at 2025-11-13 10:20:38 +0000
Processing by Devise::RegistrationsController#create as HTML
  Parameters: {"authenticity_token" => "[FILTERED]", "user" => {"email" => "[FILTERED]", "password" => "[FILTERED]", "password_confirmation" => "[FILTERED]"}, "commit" => "Sign up"}
  [1m[36mTRANSACTION (0.2ms)[0m  [1m[35mBEGIN /*action='create',application='Bookinghub',controller='registrations'*/[0m
  [1m[36mUser Exists? (3.2ms)[0m  [1m[34mSELECT 1 AS one FROM "users" WHERE "users"."email" = 'zadorozhniy12822@gmail.com' LIMIT 1 /*action='create',application='Bookinghub',controller='registrations'*/[0m
  [1m[36mUser Create (4.9ms)[0m  [1m[32mINSERT INTO "users" ("email", "encrypted_password", "reset_password_token", "reset_password_sent_at", "remember_created_at", "created_at", "updated_at") VALUES ('zadorozhniy12822@gmail.com', '$2a$12$72T/2QuLffupS15mTWZXVuwyNxD8PwUQtxRSNL/idrhK9t4DT90P2', NULL, NULL, NULL, '2025-11-13 10:20:38.615926', '2025-11-13 10:20:38.615926') RETURNING "id" /*action='create',application='Bookinghub',controller='registrations'*/[0m
  [1m[36mTRANSACTION (0.8ms)[0m  [1m[35mCOMMIT /*action='create',application='Bookinghub',controller='registrations'*/[0m
Redirected to http://127.0.0.1:3000/bookings
Completed 303 See Other in 174ms (ActiveRecord: 9.1ms (2 queries, 0 cached) | GC: 0.0ms)


Started GET "/bookings" for 127.0.0.1 at 2025-11-13 10:20:38 +0000
Processing by BookingsController#index as HTML
  [1m[36mUser Load (0.5ms)[0m  [1m[34mSELECT "users".* FROM "users" WHERE "users"."id" = 1 ORDER BY "users"."id" ASC LIMIT 1 /*action='index',application='Bookinghub',controller='bookings'*/[0m
  Rendering layout layouts/application.html.erb
  Rendering bookings/index.html.erb within layouts/application
  [1m[36mBooking Load (2.2ms)[0m  [1m[34mSELECT "bookings".* FROM "bookings" /*action='index',application='Bookinghub',controller='bookings'*/[0m
  ↳ app/views/bookings/index.html.erb:9
  Rendered bookings/index.html.erb within layouts/application (Duration: 4.3ms | GC: 0.0ms)
  Rendered shared/_navbar.html.erb (Duration: 0.1ms | GC: 0.0ms)
  Rendered layout layouts/application.html.erb (Duration: 5.5ms | GC: 0.0ms)
Completed 200 OK in 66ms (Views: 8.1ms | ActiveRecord: 2.7ms (2 queries, 0 cached) | GC: 0.0ms)


Started GET "/bookings/new" for 127.0.0.1 at 2025-11-13 10:20:41 +0000
Processing by BookingsController#new as HTML
  [1m[36mUser Load (0.4ms)[0m  [1m[34mSELECT "users".* FROM "users" WHERE "users"."id" = 1 ORDER BY "users"."id" ASC LIMIT 1 /*action='new',application='Bookinghub',controller='bookings'*/[0m
  Rendering layout layouts/application.html.erb
  Rendering bookings/new.html.erb within layouts/application
  Rendered bookings/_form.html.erb (Duration: 22.4ms | GC: 0.0ms)
  Rendered bookings/new.html.erb within layouts/application (Duration: 44.8ms | GC: 0.0ms)
  Rendered shared/_navbar.html.erb (Duration: 0.1ms | GC: 0.0ms)
  Rendered layout layouts/application.html.erb (Duration: 45.9ms | GC: 0.0ms)
Completed 200 OK in 87ms (Views: 46.6ms | ActiveRecord: 11.2ms (1 query, 0 cached) | GC: 0.0ms)


